<?xml version="1.0" encoding="UTF-8"?>
<!-- Generated by org.testng.reporters.JUnitReportReporter -->
<testsuite skipped="0" hostname="Lenovo" name="com.testng.TimeOut_test" tests="1" failures="0" timestamp="2022-07-31T09:32:41 IST" time="6.561" errors="0">
  <testcase name="logIn" time="6.561" classname="com.testng.TimeOut_test"/>
  <system-out/>
</testsuite> <!-- com.testng.TimeOut_test -->
