<?xml version="1.0" encoding="UTF-8"?>
<!-- Generated by org.testng.reporters.JUnitReportReporter -->
<testsuite skipped="0" hostname="Lenovo" name="com.testng.Data_Provider" tests="3" failures="0" timestamp="2022-07-31T10:22:03 IST" time="0.031" errors="0">
  <testcase name="credentials" time="0.007" classname="com.testng.Data_Provider"/>
  <system-out/>
  <testcase name="credentials" time="0.005" classname="com.testng.Data_Provider"/>
  <system-out/>
  <testcase name="credentials" time="0.019" classname="com.testng.Data_Provider"/>
  <system-out/>
</testsuite> <!-- com.testng.Data_Provider -->
