<?xml version="1.0" encoding="UTF-8"?>
<!-- Generated by org.testng.reporters.JUnitReportReporter -->
<testsuite skipped="0" hostname="Lenovo" name="com.testng.Grouping_Test" tests="4" failures="0" timestamp="2022-07-31T09:47:13 IST" time="0.040" errors="0">
  <testcase name="tshirt" time="0.008" classname="com.testng.Grouping_Test"/>
  <system-out/>
  <testcase name="dressess" time="0.021" classname="com.testng.Grouping_Test"/>
  <system-out/>
  <testcase name="wynk" time="0.007" classname="com.testng.Grouping_Test"/>
  <system-out/>
  <testcase name="spotify" time="0.004" classname="com.testng.Grouping_Test"/>
  <system-out/>
</testsuite> <!-- com.testng.Grouping_Test -->
