<?xml version="1.0" encoding="UTF-8"?>
<!-- Generated by org.testng.reporters.JUnitReportReporter -->
<testsuite skipped="0" hostname="Lenovo" name="com.testng.Simple_Annotations" tests="3" failures="0" timestamp="2022-07-31T09:11:40 IST" time="0.104" errors="0">
  <testcase name="dressess" time="0.067" classname="com.testng.Simple_Annotations"/>
  <system-out/>
  <testcase name="women" time="0.018" classname="com.testng.Simple_Annotations"/>
  <system-out/>
  <testcase name="tshirt" time="0.019" classname="com.testng.Simple_Annotations"/>
  <system-out/>
</testsuite> <!-- com.testng.Simple_Annotations -->
