<?xml version="1.0" encoding="UTF-8"?>
<!-- Generated by org.testng.reporters.JUnitReportReporter -->
<testsuite skipped="1" hostname="Lenovo" name="com.testng.Ignore_Test" tests="3" failures="0" timestamp="2022-07-31T09:15:09 IST" time="0.029" errors="0">
  <testcase name="tshirt" time="0.004" classname="com.testng.Ignore_Test"/>
  <system-out/>
  <testcase name="dressess" time="0.025" classname="com.testng.Ignore_Test"/>
  <system-out/>
  <testcase name="women" classname="com.testng.Ignore_Test">
    <skipped/>
  </testcase> <!-- women -->
  <system-out/>
</testsuite> <!-- com.testng.Ignore_Test -->
