<?xml version="1.0" encoding="UTF-8"?>
<!-- Generated by org.testng.reporters.JUnitReportReporter -->
<testsuite skipped="0" hostname="Lenovo" name="com.testng.Priority_Test" tests="5" failures="0" timestamp="2022-07-31T09:19:04 IST" time="0.054" errors="0">
  <testcase name="set_Property" time="0.024" classname="com.testng.Priority_Test"/>
  <system-out/>
  <testcase name="get_Browser" time="0.009" classname="com.testng.Priority_Test"/>
  <system-out/>
  <testcase name="get_Url" time="0.010" classname="com.testng.Priority_Test"/>
  <system-out/>
  <testcase name="signIn" time="0.007" classname="com.testng.Priority_Test"/>
  <system-out/>
  <testcase name="dressess" time="0.004" classname="com.testng.Priority_Test"/>
  <system-out/>
</testsuite> <!-- com.testng.Priority_Test -->
