<?xml version="1.0" encoding="UTF-8"?>
<!-- Generated by org.testng.reporters.JUnitReportReporter -->
<testsuite skipped="0" hostname="Lenovo" name="com.testng.Invocation_Count" tests="8" failures="0" timestamp="2022-07-31T09:26:10 IST" time="0.142" errors="0">
  <testcase name="set_Property" time="0.023" classname="com.testng.Invocation_Count"/>
  <system-out/>
  <testcase name="browser_Launch" time="0.009" classname="com.testng.Invocation_Count"/>
  <system-out/>
  <testcase name="get_Url" time="0.026" classname="com.testng.Invocation_Count"/>
  <system-out/>
  <testcase name="refresh" time="0.014" classname="com.testng.Invocation_Count"/>
  <system-out/>
  <testcase name="refresh" time="0.018" classname="com.testng.Invocation_Count"/>
  <system-out/>
  <testcase name="refresh" time="0.033" classname="com.testng.Invocation_Count"/>
  <system-out/>
  <testcase name="refresh" time="0.011" classname="com.testng.Invocation_Count"/>
  <system-out/>
  <testcase name="refresh" time="0.008" classname="com.testng.Invocation_Count"/>
  <system-out/>
</testsuite> <!-- com.testng.Invocation_Count -->
