<?xml version="1.0" encoding="UTF-8"?>
<!-- Generated by org.testng.reporters.JUnitReportReporter -->
<testsuite skipped="0" hostname="Lenovo" name="com.testng.Parallel_Test" tests="2" failures="0" timestamp="2022-07-31T10:35:30 IST" time="85.604" errors="0">
  <testcase name="chrome_Launch2" time="44.211" classname="com.testng.Parallel_Test"/>
  <system-out/>
  <testcase name="chrome_Launch1" time="41.393" classname="com.testng.Parallel_Test"/>
  <system-out/>
</testsuite> <!-- com.testng.Parallel_Test -->
