<?xml version="1.0" encoding="UTF-8"?>
<!-- Generated by org.testng.reporters.JUnitReportReporter -->
<testsuite skipped="0" hostname="Lenovo" name="com.testng.Parameterized_Test" tests="1" failures="0" timestamp="2022-07-31T10:13:29 IST" time="0.022" errors="0">
  <testcase name="credentials" time="0.022" classname="com.testng.Parameterized_Test"/>
  <system-out/>
</testsuite> <!-- com.testng.Parameterized_Test -->
